<?xml version="1.0" encoding="UTF-8"?>
<testsuite name="com.aor.numbers.ListFiltererTest" tests="2" skipped="0" failures="0" errors="0" timestamp="2022-11-25T19:30:20" hostname="MacBook-SVP.local" time="0.005">
  <properties/>
  <testcase name="positiveFilter()" classname="com.aor.numbers.ListFiltererTest" time="0.002"/>
  <testcase name="divisibleFilter()" classname="com.aor.numbers.ListFiltererTest" time="0.003"/>
  <system-out><![CDATA[]]></system-out>
  <system-err><![CDATA[]]></system-err>
</testsuite>
