<?xml version="1.0" encoding="UTF-8"?>
<testsuite name="com.aor.numbers.ListSorterTest" tests="2" skipped="0" failures="0" errors="0" timestamp="2022-11-25T19:30:20" hostname="MacBook-SVP.local" time="0.018">
  <properties/>
  <testcase name="bug_sort()" classname="com.aor.numbers.ListSorterTest" time="0.003"/>
  <testcase name="sort()" classname="com.aor.numbers.ListSorterTest" time="0.002"/>
  <system-out><![CDATA[]]></system-out>
  <system-err><![CDATA[]]></system-err>
</testsuite>
